======================================================================
BACKTEST: Maker Strategy
======================================================================
Parameters:
  strategy=as
  sample_n=100000
  fill_model=touch
  order_size=0.01
  max_position=1.0
  max_spread=5.0 bps
  rebate_bps=-0.5 bps
  vol_window=50
  short_return_window=10
  tick_size=0.1
  gamma=0.1
  base_spread=0.2
  vol_weight=1.0
  inv_weight=1.0
  alpha_weight=0.5
  imbalance_weight=0.5
  min_spread=0.1

📊 Loading data from D:\imperial_homework\third_year\other\q\okx ob btc 2026-01-processed...
✓ Read BTC-USDT-SWAP-L2orderbook-400lv-2026-01-01.csv, cumulative 100000 rows

✓ Sample data: 100000 rows


📊 Data Sample:
              ts  best_bid  best_bid_size  ...  best_ask_size       mid  spread
0  1767225600014   87588.4           0.62  ...          21.41  87603.80    30.8
1  1767225600024   87588.4           0.62  ...         125.70  87602.10    27.4
2  1767225600034   87588.4           0.62  ...           8.90  87599.00    21.2
3  1767225600044   87592.0          65.45  ...         229.97  87597.85    11.7
4  1767225600054   87592.0          65.45  ...         229.97  87597.85    11.7
5  1767225600064   87592.0          65.45  ...         229.97  87597.85    11.7
6  1767225600074   87593.0         493.21  ...         229.97  87598.35    10.7
7  1767225600084   87593.0         493.21  ...         229.97  87598.35    10.7
8  1767225600094   87593.0         493.21  ...         116.75  87598.25    10.5
9  1767225600104   87593.0         493.21  ...         116.75  87598.25    10.5

[10 rows x 7 columns]

Data Columns: ['ts', 'best_bid', 'best_bid_size', 'best_ask', 'best_ask_size', 'mid', 'spread']
Data Types:
ts                 int64
best_bid         float64
best_bid_size    float64
best_ask         float64
best_ask_size    float64
mid              float64
spread           float64
dtype: object

✓ Strategy created: ASMarketMakingStrategy
✓ order_size=0.01, max_spread=5.0

📈 Running backtest (first 100000 rows, fill_model=touch)...

✓ Backtest completed! Total rows processed: 100000

📊 Results Sample (first 10 rows):
              ts       mid  spread  position      cash    equity  pnl
0  1767225600014  87603.80    30.8       0.0  100000.0  100000.0  0.0
1  1767225600024  87602.10    27.4       0.0  100000.0  100000.0  0.0
2  1767225600034  87599.00    21.2       0.0  100000.0  100000.0  0.0
3  1767225600044  87597.85    11.7       0.0  100000.0  100000.0  0.0
4  1767225600054  87597.85    11.7       0.0  100000.0  100000.0  0.0
5  1767225600064  87597.85    11.7       0.0  100000.0  100000.0  0.0
6  1767225600074  87598.35    10.7       0.0  100000.0  100000.0  0.0
7  1767225600084  87598.35    10.7       0.0  100000.0  100000.0  0.0
8  1767225600094  87598.25    10.5       0.0  100000.0  100000.0  0.0
9  1767225600104  87598.25    10.5       0.0  100000.0  100000.0  0.0

📊 Results Sample (last 10 rows):
                  ts       mid  spread  ...       cash         equity         pnl
99990  1767226974182  87708.75     0.1  ...  12503.068  100434.179394  434.179394
99991  1767226974192  87708.75     0.1  ...  12503.068  100434.179394  434.179394
99992  1767226974202  87708.75     0.1  ...  12503.068  100434.179394  434.179394
99993  1767226974212  87708.75     0.1  ...  12503.068  100434.179394  434.179394
99994  1767226974222  87708.75     0.1  ...  12503.068  100434.179394  434.179394
99995  1767226974232  87708.75     0.1  ...  12503.068  100434.179394  434.179394
99996  1767226974242  87708.75     0.1  ...  12503.068  100434.179394  434.179394
99997  1767226974252  87708.75     0.1  ...  12503.068  100434.179394  434.179394
99998  1767226974262  87708.75     0.1  ...  12503.068  100434.179394  434.179394
99999  1767226974272  87708.75     0.1  ...  12503.068  100434.179394  434.179394

[10 rows x 7 columns]

============================================================
BACKTEST METRICS
============================================================
total_return                  :           0.43%
total_pnl                     :          434.18
total_rebate                  :          222.36
total_turnover                :      4447227.88
turnover_ratio                :           44.47
final_position                :            1.00
final_cash                    :        12503.07
gross_pnl_without_rebate      :          211.82
rebate_share                  :          51.21%
inventory_pnl                 :          211.82
inventory_pnl_ratio           :          48.79%
pnl_without_rebate            :          211.82
max_drawdown                  :          -0.04%
calmar_ratio                  :         976.88%
average_position              :            0.44
max_abs_position              :            1.00
position_abs_mean             :            0.65
position_mean                 :            0.44
position_std                  :            0.58
long_ratio                    :          77.46%
short_ratio                   :          22.32%
flat_ratio                    :           0.22%
time_at_max_long              :          24.07%
time_at_max_short             :           1.23%
annualized_return             :           0.43%
tick_sharpe                   :           2.22%
number_of_trades              :            5072
number_of_buy_trades          :            2586
number_of_sell_trades         :            2486
win_rate                      :           5.06%
============================================================


============================================================
DEBUG STATISTICS
============================================================
Total rows: 100000
Valid spread rows (0 < spread <= max_spread): 99980
Valid spread ratio: 99.98%
Orders generated count: 175091
Buy orders: 76244
Sell orders: 98847
Total buy fills: 2586
Total sell fills: 2486

Strategy Debug:
  Skipped due to spread: 19
  Skipped buy due to position: 23736
  Skipped sell due to position: 1133
============================================================

✓ Figure saved: figs\as_100k.png
✓ Log saved: logs\as_100k.log
✓ Figure saved: figs\as_100k.png
